{"nbformat":4,"nbformat_minor":0,"metadata":{"colab":{"provenance":[],"authorship_tag":"ABX9TyNs9tP7Soyp5M7ExYb++3TE"},"kernelspec":{"name":"python3","display_name":"Python 3"},"language_info":{"name":"python"}},"cells":[{"cell_type":"code","execution_count":6,"metadata":{"id":"hc0qqsF6omsC","executionInfo":{"status":"ok","timestamp":1682299523829,"user_tz":180,"elapsed":389,"user":{"displayName":"María Belén Poma Lucana","userId":"10767460222957879555"}}},"outputs":[],"source":["#Desafio 3 Pandas\n","import pandas"]},{"cell_type":"code","source":["murales = pandas.read_csv(\"https://cdn.buenosaires.gob.ar/datosabiertos/datasets/ministerio-de-cultura/murales/murales.csv\", on_bad_lines=\"skip\")"],"metadata":{"id":"d-eJdqkC1-wW","executionInfo":{"status":"ok","timestamp":1682301368954,"user_tz":180,"elapsed":1966,"user":{"displayName":"María Belén Poma Lucana","userId":"10767460222957879555"}}},"execution_count":25,"outputs":[]},{"cell_type":"code","source":["murales"],"metadata":{"colab":{"base_uri":"https://localhost:8080/","height":833},"id":"tDVFH5EV5znA","executionInfo":{"status":"ok","timestamp":1682301372995,"user_tz":180,"elapsed":309,"user":{"displayName":"María Belén Poma Lucana","userId":"10767460222957879555"}},"outputId":"908bf9f5-e91e-42b6-ac07-52dfe6fd1f05"},"execution_count":26,"outputs":[{"output_type":"execute_result","data":{"text/plain":["    ;WKT;NOMBRE;CARACT_SIT;AUTORES;TECNICA;F_E;TAMAÑO_TS;UBICACION;DIRECCION;DOM_ORIG;CALLE;ALTURA;BARRIO;COMUNA\n","0    0;POINT (-58.3843530922336 -34.5975348140559);...                                                          \n","1    2;POINT (-58.3851629076421 -34.6123693095443);...                                                          \n","2    3;POINT (-58.3851629076421 -34.6123693095443);...                                                          \n","3    4;POINT (-58.3851629076421 -34.6123693095443);...                                                          \n","4    5;POINT (-58.3851629076421 -34.6123693095443);...                                                          \n","..                                                 ...                                                          \n","243  416;POINT (-58.3683360886899 -34.6367215700058...                                                          \n","244  417;POINT (-58.3745373662307 -34.6160871174382...                                                          \n","245  418;POINT (-58.3624010018425 -34.6344979603594...                                                          \n","246  419;POINT (-58.3702746686521 -34.6166043000222...                                                          \n","247  420;POINT (-58.4015672772429 -34.6390533212159...                                                          \n","\n","[248 rows x 1 columns]"],"text/html":["\n","  <div id=\"df-191109c0-a29e-4a32-ac61-0bdb883b248e\">\n","    <div class=\"colab-df-container\">\n","      <div>\n","<style scoped>\n","    .dataframe tbody tr th:only-of-type {\n","        vertical-align: middle;\n","    }\n","\n","    .dataframe tbody tr th {\n","        vertical-align: top;\n","    }\n","\n","    .dataframe thead th {\n","        text-align: right;\n","    }\n","</style>\n","<table border=\"1\" class=\"dataframe\">\n","  <thead>\n","    <tr style=\"text-align: right;\">\n","      <th></th>\n","      <th>;WKT;NOMBRE;CARACT_SIT;AUTORES;TECNICA;F_E;TAMAÑO_TS;UBICACION;DIRECCION;DOM_ORIG;CALLE;ALTURA;BARRIO;COMUNA</th>\n","    </tr>\n","  </thead>\n","  <tbody>\n","    <tr>\n","      <th>0</th>\n","      <td>0;POINT (-58.3843530922336 -34.5975348140559);...</td>\n","    </tr>\n","    <tr>\n","      <th>1</th>\n","      <td>2;POINT (-58.3851629076421 -34.6123693095443);...</td>\n","    </tr>\n","    <tr>\n","      <th>2</th>\n","      <td>3;POINT (-58.3851629076421 -34.6123693095443);...</td>\n","    </tr>\n","    <tr>\n","      <th>3</th>\n","      <td>4;POINT (-58.3851629076421 -34.6123693095443);...</td>\n","    </tr>\n","    <tr>\n","      <th>4</th>\n","      <td>5;POINT (-58.3851629076421 -34.6123693095443);...</td>\n","    </tr>\n","    <tr>\n","      <th>...</th>\n","      <td>...</td>\n","    </tr>\n","    <tr>\n","      <th>243</th>\n","      <td>416;POINT (-58.3683360886899 -34.6367215700058...</td>\n","    </tr>\n","    <tr>\n","      <th>244</th>\n","      <td>417;POINT (-58.3745373662307 -34.6160871174382...</td>\n","    </tr>\n","    <tr>\n","      <th>245</th>\n","      <td>418;POINT (-58.3624010018425 -34.6344979603594...</td>\n","    </tr>\n","    <tr>\n","      <th>246</th>\n","      <td>419;POINT (-58.3702746686521 -34.6166043000222...</td>\n","    </tr>\n","    <tr>\n","      <th>247</th>\n","      <td>420;POINT (-58.4015672772429 -34.6390533212159...</td>\n","    </tr>\n","  </tbody>\n","</table>\n","<p>248 rows × 1 columns</p>\n","</div>\n","      <button class=\"colab-df-convert\" onclick=\"convertToInteractive('df-191109c0-a29e-4a32-ac61-0bdb883b248e')\"\n","              title=\"Convert this dataframe to an interactive table.\"\n","              style=\"display:none;\">\n","        \n","  <svg xmlns=\"http://www.w3.org/2000/svg\" height=\"24px\"viewBox=\"0 0 24 24\"\n","       width=\"24px\">\n","    <path d=\"M0 0h24v24H0V0z\" fill=\"none\"/>\n","    <path d=\"M18.56 5.44l.94 2.06.94-2.06 2.06-.94-2.06-.94-.94-2.06-.94 2.06-2.06.94zm-11 1L8.5 8.5l.94-2.06 2.06-.94-2.06-.94L8.5 2.5l-.94 2.06-2.06.94zm10 10l.94 2.06.94-2.06 2.06-.94-2.06-.94-.94-2.06-.94 2.06-2.06.94z\"/><path d=\"M17.41 7.96l-1.37-1.37c-.4-.4-.92-.59-1.43-.59-.52 0-1.04.2-1.43.59L10.3 9.45l-7.72 7.72c-.78.78-.78 2.05 0 2.83L4 21.41c.39.39.9.59 1.41.59.51 0 1.02-.2 1.41-.59l7.78-7.78 2.81-2.81c.8-.78.8-2.07 0-2.86zM5.41 20L4 18.59l7.72-7.72 1.47 1.35L5.41 20z\"/>\n","  </svg>\n","      </button>\n","      \n","  <style>\n","    .colab-df-container {\n","      display:flex;\n","      flex-wrap:wrap;\n","      gap: 12px;\n","    }\n","\n","    .colab-df-convert {\n","      background-color: #E8F0FE;\n","      border: none;\n","      border-radius: 50%;\n","      cursor: pointer;\n","      display: none;\n","      fill: #1967D2;\n","      height: 32px;\n","      padding: 0 0 0 0;\n","      width: 32px;\n","    }\n","\n","    .colab-df-convert:hover {\n","      background-color: #E2EBFA;\n","      box-shadow: 0px 1px 2px rgba(60, 64, 67, 0.3), 0px 1px 3px 1px rgba(60, 64, 67, 0.15);\n","      fill: #174EA6;\n","    }\n","\n","    [theme=dark] .colab-df-convert {\n","      background-color: #3B4455;\n","      fill: #D2E3FC;\n","    }\n","\n","    [theme=dark] .colab-df-convert:hover {\n","      background-color: #434B5C;\n","      box-shadow: 0px 1px 3px 1px rgba(0, 0, 0, 0.15);\n","      filter: drop-shadow(0px 1px 2px rgba(0, 0, 0, 0.3));\n","      fill: #FFFFFF;\n","    }\n","  </style>\n","\n","      <script>\n","        const buttonEl =\n","          document.querySelector('#df-191109c0-a29e-4a32-ac61-0bdb883b248e button.colab-df-convert');\n","        buttonEl.style.display =\n","          google.colab.kernel.accessAllowed ? 'block' : 'none';\n","\n","        async function convertToInteractive(key) {\n","          const element = document.querySelector('#df-191109c0-a29e-4a32-ac61-0bdb883b248e');\n","          const dataTable =\n","            await google.colab.kernel.invokeFunction('convertToInteractive',\n","                                                     [key], {});\n","          if (!dataTable) return;\n","\n","          const docLinkHtml = 'Like what you see? Visit the ' +\n","            '<a target=\"_blank\" href=https://colab.research.google.com/notebooks/data_table.ipynb>data table notebook</a>'\n","            + ' to learn more about interactive tables.';\n","          element.innerHTML = '';\n","          dataTable['output_type'] = 'display_data';\n","          await google.colab.output.renderOutput(dataTable, element);\n","          const docLink = document.createElement('div');\n","          docLink.innerHTML = docLinkHtml;\n","          element.appendChild(docLink);\n","        }\n","      </script>\n","    </div>\n","  </div>\n","  "]},"metadata":{},"execution_count":26}]},{"cell_type":"code","source":["#1. Ver las 3 ultimas filas del dataset.\n","murales.tail(3)"],"metadata":{"colab":{"base_uri":"https://localhost:8080/","height":143},"id":"eO3FM9ch5-Z-","executionInfo":{"status":"ok","timestamp":1682300432665,"user_tz":180,"elapsed":321,"user":{"displayName":"María Belén Poma Lucana","userId":"10767460222957879555"}},"outputId":"0f3ec4fe-c5d9-41bb-d5a2-60c7f4dc9760"},"execution_count":16,"outputs":[{"output_type":"execute_result","data":{"text/plain":["    ;WKT;NOMBRE;CARACT_SIT;AUTORES;TECNICA;F_E;TAMAÑO_TS;UBICACION;DIRECCION;DOM_ORIG;CALLE;ALTURA;BARRIO;COMUNA\n","245  418;POINT (-58.3624010018425 -34.6344979603594...                                                          \n","246  419;POINT (-58.3702746686521 -34.6166043000222...                                                          \n","247  420;POINT (-58.4015672772429 -34.6390533212159...                                                          "],"text/html":["\n","  <div id=\"df-c26d3e7f-8af0-41e2-95a7-77ae88a09ac4\">\n","    <div class=\"colab-df-container\">\n","      <div>\n","<style scoped>\n","    .dataframe tbody tr th:only-of-type {\n","        vertical-align: middle;\n","    }\n","\n","    .dataframe tbody tr th {\n","        vertical-align: top;\n","    }\n","\n","    .dataframe thead th {\n","        text-align: right;\n","    }\n","</style>\n","<table border=\"1\" class=\"dataframe\">\n","  <thead>\n","    <tr style=\"text-align: right;\">\n","      <th></th>\n","      <th>;WKT;NOMBRE;CARACT_SIT;AUTORES;TECNICA;F_E;TAMAÑO_TS;UBICACION;DIRECCION;DOM_ORIG;CALLE;ALTURA;BARRIO;COMUNA</th>\n","    </tr>\n","  </thead>\n","  <tbody>\n","    <tr>\n","      <th>245</th>\n","      <td>418;POINT (-58.3624010018425 -34.6344979603594...</td>\n","    </tr>\n","    <tr>\n","      <th>246</th>\n","      <td>419;POINT (-58.3702746686521 -34.6166043000222...</td>\n","    </tr>\n","    <tr>\n","      <th>247</th>\n","      <td>420;POINT (-58.4015672772429 -34.6390533212159...</td>\n","    </tr>\n","  </tbody>\n","</table>\n","</div>\n","      <button class=\"colab-df-convert\" onclick=\"convertToInteractive('df-c26d3e7f-8af0-41e2-95a7-77ae88a09ac4')\"\n","              title=\"Convert this dataframe to an interactive table.\"\n","              style=\"display:none;\">\n","        \n","  <svg xmlns=\"http://www.w3.org/2000/svg\" height=\"24px\"viewBox=\"0 0 24 24\"\n","       width=\"24px\">\n","    <path d=\"M0 0h24v24H0V0z\" fill=\"none\"/>\n","    <path d=\"M18.56 5.44l.94 2.06.94-2.06 2.06-.94-2.06-.94-.94-2.06-.94 2.06-2.06.94zm-11 1L8.5 8.5l.94-2.06 2.06-.94-2.06-.94L8.5 2.5l-.94 2.06-2.06.94zm10 10l.94 2.06.94-2.06 2.06-.94-2.06-.94-.94-2.06-.94 2.06-2.06.94z\"/><path d=\"M17.41 7.96l-1.37-1.37c-.4-.4-.92-.59-1.43-.59-.52 0-1.04.2-1.43.59L10.3 9.45l-7.72 7.72c-.78.78-.78 2.05 0 2.83L4 21.41c.39.39.9.59 1.41.59.51 0 1.02-.2 1.41-.59l7.78-7.78 2.81-2.81c.8-.78.8-2.07 0-2.86zM5.41 20L4 18.59l7.72-7.72 1.47 1.35L5.41 20z\"/>\n","  </svg>\n","      </button>\n","      \n","  <style>\n","    .colab-df-container {\n","      display:flex;\n","      flex-wrap:wrap;\n","      gap: 12px;\n","    }\n","\n","    .colab-df-convert {\n","      background-color: #E8F0FE;\n","      border: none;\n","      border-radius: 50%;\n","      cursor: pointer;\n","      display: none;\n","      fill: #1967D2;\n","      height: 32px;\n","      padding: 0 0 0 0;\n","      width: 32px;\n","    }\n","\n","    .colab-df-convert:hover {\n","      background-color: #E2EBFA;\n","      box-shadow: 0px 1px 2px rgba(60, 64, 67, 0.3), 0px 1px 3px 1px rgba(60, 64, 67, 0.15);\n","      fill: #174EA6;\n","    }\n","\n","    [theme=dark] .colab-df-convert {\n","      background-color: #3B4455;\n","      fill: #D2E3FC;\n","    }\n","\n","    [theme=dark] .colab-df-convert:hover {\n","      background-color: #434B5C;\n","      box-shadow: 0px 1px 3px 1px rgba(0, 0, 0, 0.15);\n","      filter: drop-shadow(0px 1px 2px rgba(0, 0, 0, 0.3));\n","      fill: #FFFFFF;\n","    }\n","  </style>\n","\n","      <script>\n","        const buttonEl =\n","          document.querySelector('#df-c26d3e7f-8af0-41e2-95a7-77ae88a09ac4 button.colab-df-convert');\n","        buttonEl.style.display =\n","          google.colab.kernel.accessAllowed ? 'block' : 'none';\n","\n","        async function convertToInteractive(key) {\n","          const element = document.querySelector('#df-c26d3e7f-8af0-41e2-95a7-77ae88a09ac4');\n","          const dataTable =\n","            await google.colab.kernel.invokeFunction('convertToInteractive',\n","                                                     [key], {});\n","          if (!dataTable) return;\n","\n","          const docLinkHtml = 'Like what you see? Visit the ' +\n","            '<a target=\"_blank\" href=https://colab.research.google.com/notebooks/data_table.ipynb>data table notebook</a>'\n","            + ' to learn more about interactive tables.';\n","          element.innerHTML = '';\n","          dataTable['output_type'] = 'display_data';\n","          await google.colab.output.renderOutput(dataTable, element);\n","          const docLink = document.createElement('div');\n","          docLink.innerHTML = docLinkHtml;\n","          element.appendChild(docLink);\n","        }\n","      </script>\n","    </div>\n","  </div>\n","  "]},"metadata":{},"execution_count":16}]},{"cell_type":"code","source":["#2. Ver los nombres de las columnas.\n","murales.columns"],"metadata":{"colab":{"base_uri":"https://localhost:8080/"},"id":"1ufbgvE0630n","executionInfo":{"status":"ok","timestamp":1682300635217,"user_tz":180,"elapsed":281,"user":{"displayName":"María Belén Poma Lucana","userId":"10767460222957879555"}},"outputId":"d53a4442-82fa-463e-f60b-0c640e0aa9fc"},"execution_count":17,"outputs":[{"output_type":"execute_result","data":{"text/plain":["Index([';WKT;NOMBRE;CARACT_SIT;AUTORES;TECNICA;F_E;TAMAÑO_TS;UBICACION;DIRECCION;DOM_ORIG;CALLE;ALTURA;BARRIO;COMUNA'], dtype='object')"]},"metadata":{},"execution_count":17}]},{"cell_type":"code","source":["#3. Seleccionar la columna \"AUTORES\". Ver que valores toma esa columna y cuántos registros hay de cada uno.\n","murales[\"AUTORES\"].valeu.counts()"],"metadata":{"colab":{"base_uri":"https://localhost:8080/","height":524},"id":"OSmH7KBa7qxP","executionInfo":{"status":"error","timestamp":1682301228250,"user_tz":180,"elapsed":313,"user":{"displayName":"María Belén Poma Lucana","userId":"10767460222957879555"}},"outputId":"e5f43dc1-77b3-4428-d759-7a0fbb51e157"},"execution_count":23,"outputs":[{"output_type":"error","ename":"KeyError","evalue":"ignored","traceback":["\u001b[0;31m---------------------------------------------------------------------------\u001b[0m","\u001b[0;31mKeyError\u001b[0m                                  Traceback (most recent call last)","\u001b[0;32m/usr/local/lib/python3.9/dist-packages/pandas/core/indexes/base.py\u001b[0m in \u001b[0;36mget_loc\u001b[0;34m(self, key, method, tolerance)\u001b[0m\n\u001b[1;32m   3801\u001b[0m             \u001b[0;32mtry\u001b[0m\u001b[0;34m:\u001b[0m\u001b[0;34m\u001b[0m\u001b[0;34m\u001b[0m\u001b[0m\n\u001b[0;32m-> 3802\u001b[0;31m                 \u001b[0;32mreturn\u001b[0m \u001b[0mself\u001b[0m\u001b[0;34m.\u001b[0m\u001b[0m_engine\u001b[0m\u001b[0;34m.\u001b[0m\u001b[0mget_loc\u001b[0m\u001b[0;34m(\u001b[0m\u001b[0mcasted_key\u001b[0m\u001b[0;34m)\u001b[0m\u001b[0;34m\u001b[0m\u001b[0;34m\u001b[0m\u001b[0m\n\u001b[0m\u001b[1;32m   3803\u001b[0m             \u001b[0;32mexcept\u001b[0m \u001b[0mKeyError\u001b[0m \u001b[0;32mas\u001b[0m \u001b[0merr\u001b[0m\u001b[0;34m:\u001b[0m\u001b[0;34m\u001b[0m\u001b[0;34m\u001b[0m\u001b[0m\n","\u001b[0;32m/usr/local/lib/python3.9/dist-packages/pandas/_libs/index.pyx\u001b[0m in \u001b[0;36mpandas._libs.index.IndexEngine.get_loc\u001b[0;34m()\u001b[0m\n","\u001b[0;32m/usr/local/lib/python3.9/dist-packages/pandas/_libs/index.pyx\u001b[0m in \u001b[0;36mpandas._libs.index.IndexEngine.get_loc\u001b[0;34m()\u001b[0m\n","\u001b[0;32mpandas/_libs/hashtable_class_helper.pxi\u001b[0m in \u001b[0;36mpandas._libs.hashtable.PyObjectHashTable.get_item\u001b[0;34m()\u001b[0m\n","\u001b[0;32mpandas/_libs/hashtable_class_helper.pxi\u001b[0m in \u001b[0;36mpandas._libs.hashtable.PyObjectHashTable.get_item\u001b[0;34m()\u001b[0m\n","\u001b[0;31mKeyError\u001b[0m: 'AUTORES'","\nThe above exception was the direct cause of the following exception:\n","\u001b[0;31mKeyError\u001b[0m                                  Traceback (most recent call last)","\u001b[0;32m<ipython-input-23-5ea45968035d>\u001b[0m in \u001b[0;36m<cell line: 2>\u001b[0;34m()\u001b[0m\n\u001b[1;32m      1\u001b[0m \u001b[0;31m#3. Seleccionar la columna \"AUTORES\". Ver que valores toma esa columna y cuántos registros hay de cada uno.\u001b[0m\u001b[0;34m\u001b[0m\u001b[0;34m\u001b[0m\u001b[0m\n\u001b[0;32m----> 2\u001b[0;31m \u001b[0mmurales\u001b[0m\u001b[0;34m[\u001b[0m\u001b[0;34m\"AUTORES\"\u001b[0m\u001b[0;34m]\u001b[0m\u001b[0;34m.\u001b[0m\u001b[0mvaleu\u001b[0m\u001b[0;34m.\u001b[0m\u001b[0mcounts\u001b[0m\u001b[0;34m(\u001b[0m\u001b[0;34m)\u001b[0m\u001b[0;34m\u001b[0m\u001b[0;34m\u001b[0m\u001b[0m\n\u001b[0m","\u001b[0;32m/usr/local/lib/python3.9/dist-packages/pandas/core/frame.py\u001b[0m in \u001b[0;36m__getitem__\u001b[0;34m(self, key)\u001b[0m\n\u001b[1;32m   3805\u001b[0m             \u001b[0;32mif\u001b[0m \u001b[0mself\u001b[0m\u001b[0;34m.\u001b[0m\u001b[0mcolumns\u001b[0m\u001b[0;34m.\u001b[0m\u001b[0mnlevels\u001b[0m \u001b[0;34m>\u001b[0m \u001b[0;36m1\u001b[0m\u001b[0;34m:\u001b[0m\u001b[0;34m\u001b[0m\u001b[0;34m\u001b[0m\u001b[0m\n\u001b[1;32m   3806\u001b[0m                 \u001b[0;32mreturn\u001b[0m \u001b[0mself\u001b[0m\u001b[0;34m.\u001b[0m\u001b[0m_getitem_multilevel\u001b[0m\u001b[0;34m(\u001b[0m\u001b[0mkey\u001b[0m\u001b[0;34m)\u001b[0m\u001b[0;34m\u001b[0m\u001b[0;34m\u001b[0m\u001b[0m\n\u001b[0;32m-> 3807\u001b[0;31m             \u001b[0mindexer\u001b[0m \u001b[0;34m=\u001b[0m \u001b[0mself\u001b[0m\u001b[0;34m.\u001b[0m\u001b[0mcolumns\u001b[0m\u001b[0;34m.\u001b[0m\u001b[0mget_loc\u001b[0m\u001b[0;34m(\u001b[0m\u001b[0mkey\u001b[0m\u001b[0;34m)\u001b[0m\u001b[0;34m\u001b[0m\u001b[0;34m\u001b[0m\u001b[0m\n\u001b[0m\u001b[1;32m   3808\u001b[0m             \u001b[0;32mif\u001b[0m \u001b[0mis_integer\u001b[0m\u001b[0;34m(\u001b[0m\u001b[0mindexer\u001b[0m\u001b[0;34m)\u001b[0m\u001b[0;34m:\u001b[0m\u001b[0;34m\u001b[0m\u001b[0;34m\u001b[0m\u001b[0m\n\u001b[1;32m   3809\u001b[0m                 \u001b[0mindexer\u001b[0m \u001b[0;34m=\u001b[0m \u001b[0;34m[\u001b[0m\u001b[0mindexer\u001b[0m\u001b[0;34m]\u001b[0m\u001b[0;34m\u001b[0m\u001b[0;34m\u001b[0m\u001b[0m\n","\u001b[0;32m/usr/local/lib/python3.9/dist-packages/pandas/core/indexes/base.py\u001b[0m in \u001b[0;36mget_loc\u001b[0;34m(self, key, method, tolerance)\u001b[0m\n\u001b[1;32m   3802\u001b[0m                 \u001b[0;32mreturn\u001b[0m \u001b[0mself\u001b[0m\u001b[0;34m.\u001b[0m\u001b[0m_engine\u001b[0m\u001b[0;34m.\u001b[0m\u001b[0mget_loc\u001b[0m\u001b[0;34m(\u001b[0m\u001b[0mcasted_key\u001b[0m\u001b[0;34m)\u001b[0m\u001b[0;34m\u001b[0m\u001b[0;34m\u001b[0m\u001b[0m\n\u001b[1;32m   3803\u001b[0m             \u001b[0;32mexcept\u001b[0m \u001b[0mKeyError\u001b[0m \u001b[0;32mas\u001b[0m \u001b[0merr\u001b[0m\u001b[0;34m:\u001b[0m\u001b[0;34m\u001b[0m\u001b[0;34m\u001b[0m\u001b[0m\n\u001b[0;32m-> 3804\u001b[0;31m                 \u001b[0;32mraise\u001b[0m \u001b[0mKeyError\u001b[0m\u001b[0;34m(\u001b[0m\u001b[0mkey\u001b[0m\u001b[0;34m)\u001b[0m \u001b[0;32mfrom\u001b[0m \u001b[0merr\u001b[0m\u001b[0;34m\u001b[0m\u001b[0;34m\u001b[0m\u001b[0m\n\u001b[0m\u001b[1;32m   3805\u001b[0m             \u001b[0;32mexcept\u001b[0m \u001b[0mTypeError\u001b[0m\u001b[0;34m:\u001b[0m\u001b[0;34m\u001b[0m\u001b[0;34m\u001b[0m\u001b[0m\n\u001b[1;32m   3806\u001b[0m                 \u001b[0;31m# If we have a listlike key, _check_indexing_error will raise\u001b[0m\u001b[0;34m\u001b[0m\u001b[0;34m\u001b[0m\u001b[0m\n","\u001b[0;31mKeyError\u001b[0m: 'AUTORES'"]}]}]}